action: GLOB, msg: packaging
cwd: /home/rishi/Documents/College/Minor/sign_app
cmd: /home/rishi/.pyenv/versions/anaconda3-2019.03/envs/minor/bin/python setup.py sdist --formats=zip --dist-dir /home/rishi/Documents/College/Minor/sign_app/.tox/dist
running sdist
running egg_info
writing src.egg-info/PKG-INFO
writing dependency_links to src.egg-info/dependency_links.txt
writing top-level names to src.egg-info/top_level.txt
reading manifest file 'src.egg-info/SOURCES.txt'
writing manifest file 'src.egg-info/SOURCES.txt'
warning: sdist: standard file not found: should have one of README, README.rst, README.txt, README.md

running check
warning: check: missing required meta-data: url

warning: check: missing meta-data: if 'author' supplied, 'author_email' should be supplied too

creating src-0.0.1
creating src-0.0.1/src.egg-info
creating src-0.0.1/tests
copying files to src-0.0.1...
copying setup.py -> src-0.0.1
copying src.egg-info/PKG-INFO -> src-0.0.1/src.egg-info
copying src.egg-info/SOURCES.txt -> src-0.0.1/src.egg-info
copying src.egg-info/dependency_links.txt -> src-0.0.1/src.egg-info
copying src.egg-info/top_level.txt -> src-0.0.1/src.egg-info
copying tests/__init__.py -> src-0.0.1/tests
copying tests/conftest.py -> src-0.0.1/tests
copying tests/test_config.py -> src-0.0.1/tests
Writing src-0.0.1/setup.cfg
creating /home/rishi/Documents/College/Minor/sign_app/.tox/dist
creating '/home/rishi/Documents/College/Minor/sign_app/.tox/dist/src-0.0.1.zip' and adding 'src-0.0.1' to it
adding 'src-0.0.1'
adding 'src-0.0.1/tests'
adding 'src-0.0.1/src.egg-info'
adding 'src-0.0.1/setup.cfg'
adding 'src-0.0.1/PKG-INFO'
adding 'src-0.0.1/setup.py'
adding 'src-0.0.1/tests/conftest.py'
adding 'src-0.0.1/tests/__init__.py'
adding 'src-0.0.1/tests/test_config.py'
adding 'src-0.0.1/src.egg-info/PKG-INFO'
adding 'src-0.0.1/src.egg-info/dependency_links.txt'
adding 'src-0.0.1/src.egg-info/top_level.txt'
adding 'src-0.0.1/src.egg-info/SOURCES.txt'
removing 'src-0.0.1' (and everything under it)
